2006.06.18 14:43 B C:\Documents and Settings\Geral\Meus documentos\Higor\demo\adm.php.bak --> 6te.net /diretorio/enygmatachat/demo adm.php.bak
2006.06.18 14:43 B C:\Documents and Settings\Geral\Meus documentos\Higor\demo\colaboradores.txt --> 6te.net /diretorio/enygmatachat/demo colaboradores.txt
2006.06.18 14:43 B C:\Documents and Settings\Geral\Meus documentos\Higor\demo\config.php --> 6te.net /diretorio/enygmatachat/demo config.php
2006.06.18 14:43 B C:\Documents and Settings\Geral\Meus documentos\Higor\demo\copying.txt --> 6te.net /diretorio/enygmatachat/demo copying.txt
2006.06.18 14:44 B C:\Documents and Settings\Geral\Meus documentos\Higor\demo\ec_config.ini --> 6te.net /diretorio/enygmatachat/demo ec_config.ini
2006.06.18 14:44 B C:\Documents and Settings\Geral\Meus documentos\Higor\demo\ec_config.ini.bak --> 6te.net /diretorio/enygmatachat/demo ec_config.ini.bak
2006.06.18 14:44 B C:\Documents and Settings\Geral\Meus documentos\Higor\demo\finddom.js --> 6te.net /diretorio/enygmatachat/demo finddom.js
2006.06.18 14:44 B C:\Documents and Settings\Geral\Meus documentos\Higor\demo\functions.inc.php --> 6te.net /diretorio/enygmatachat/demo functions.inc.php
2006.06.18 14:44 B C:\Documents and Settings\Geral\Meus documentos\Higor\demo\gerasala.php --> 6te.net /diretorio/enygmatachat/demo gerasala.php
2006.06.18 14:44 B C:\Documents and Settings\Geral\Meus documentos\Higor\demo\index.php --> 6te.net /diretorio/enygmatachat/demo index.php
2006.06.18 14:44 B C:\Documents and Settings\Geral\Meus documentos\Higor\demo\info.txt --> 6te.net /diretorio/enygmatachat/demo info.txt
2006.06.18 14:44 B C:\Documents and Settings\Geral\Meus documentos\Higor\demo\install.txt --> 6te.net /diretorio/enygmatachat/demo install.txt
2006.06.18 14:44 B C:\Documents and Settings\Geral\Meus documentos\Higor\demo\install.txt.bak --> 6te.net /diretorio/enygmatachat/demo install.txt.bak
2006.06.18 15:31 B C:\Documents and Settings\Geral\Meus documentos\Higor\demo\adm.php --> 6te.net /demo/demo adm.php
2006.06.18 15:31 B C:\Documents and Settings\Geral\Meus documentos\Higor\demo\adm.php.bak --> 6te.net /demo/demo adm.php.bak
2006.06.18 15:31 B C:\Documents and Settings\Geral\Meus documentos\Higor\demo\colaboradores.txt --> 6te.net /demo/demo colaboradores.txt
2006.06.18 15:31 B C:\Documents and Settings\Geral\Meus documentos\Higor\demo\config.php --> 6te.net /demo/demo config.php
2006.06.18 15:31 B C:\Documents and Settings\Geral\Meus documentos\Higor\demo\copying.txt --> 6te.net /demo/demo copying.txt
2006.06.18 15:31 B C:\Documents and Settings\Geral\Meus documentos\Higor\demo\ec_config.ini --> 6te.net /demo/demo ec_config.ini
2006.06.18 15:31 B C:\Documents and Settings\Geral\Meus documentos\Higor\demo\ec_config.ini.bak --> 6te.net /demo/demo ec_config.ini.bak
2006.06.18 15:31 B C:\Documents and Settings\Geral\Meus documentos\Higor\demo\finddom.js --> 6te.net /demo/demo finddom.js
2006.06.18 15:31 B C:\Documents and Settings\Geral\Meus documentos\Higor\demo\functions.inc.php --> 6te.net /demo/demo functions.inc.php
2006.06.18 15:31 B C:\Documents and Settings\Geral\Meus documentos\Higor\demo\gerasala.php --> 6te.net /demo/demo gerasala.php
2006.06.18 15:31 B C:\Documents and Settings\Geral\Meus documentos\Higor\demo\index.php --> 6te.net /demo/demo index.php
2006.06.18 15:31 B C:\Documents and Settings\Geral\Meus documentos\Higor\demo\info.txt --> 6te.net /demo/demo info.txt
2006.06.18 15:31 B C:\Documents and Settings\Geral\Meus documentos\Higor\demo\install.txt --> 6te.net /demo/demo install.txt
2006.06.18 15:31 B C:\Documents and Settings\Geral\Meus documentos\Higor\demo\install.txt.bak --> 6te.net /demo/demo install.txt.bak
2006.06.18 15:31 B C:\Documents and Settings\Geral\Meus documentos\Higor\demo\WS_FTP.LOG --> 6te.net /demo/demo WS_FTP.LOG
2006.06.18 15:51 B C:\Documents and Settings\Geral\Meus documentos\Higor\demo\adm.php --> 6te.net /chat adm.php
2006.06.18 15:51 B C:\Documents and Settings\Geral\Meus documentos\Higor\demo\colaboradores.txt --> 6te.net /chat colaboradores.txt
2006.06.18 15:51 B C:\Documents and Settings\Geral\Meus documentos\Higor\demo\config.php --> 6te.net /chat config.php
2006.06.18 15:51 B C:\Documents and Settings\Geral\Meus documentos\Higor\demo\copying.txt --> 6te.net /chat copying.txt
2006.06.18 15:51 B C:\Documents and Settings\Geral\Meus documentos\Higor\demo\ec_config.ini --> 6te.net /chat ec_config.ini
2006.06.18 15:51 B C:\Documents and Settings\Geral\Meus documentos\Higor\demo\finddom.js --> 6te.net /chat finddom.js
2006.06.18 15:51 B C:\Documents and Settings\Geral\Meus documentos\Higor\demo\functions.inc.php --> 6te.net /chat functions.inc.php
2006.06.18 15:51 B C:\Documents and Settings\Geral\Meus documentos\Higor\demo\gerasala.php --> 6te.net /chat gerasala.php
2006.06.18 15:51 B C:\Documents and Settings\Geral\Meus documentos\Higor\demo\index.php --> 6te.net /chat index.php
2006.06.18 15:51 B C:\Documents and Settings\Geral\Meus documentos\Higor\demo\info.txt --> 6te.net /chat info.txt
2006.06.18 15:51 B C:\Documents and Settings\Geral\Meus documentos\Higor\demo\install.txt --> 6te.net /chat install.txt
