2006.06.18 14:42 B C:\Documents and Settings\Geral\Meus documentos\Higor\demo\images\1.gif --> 6te.net /diretorio/enygmatachat/demo/images 1.gif
2006.06.18 14:42 B C:\Documents and Settings\Geral\Meus documentos\Higor\demo\images\10.gif --> 6te.net /diretorio/enygmatachat/demo/images 10.gif
2006.06.18 14:42 B C:\Documents and Settings\Geral\Meus documentos\Higor\demo\images\2.gif --> 6te.net /diretorio/enygmatachat/demo/images 2.gif
2006.06.18 14:42 B C:\Documents and Settings\Geral\Meus documentos\Higor\demo\images\3.gif --> 6te.net /diretorio/enygmatachat/demo/images 3.gif
2006.06.18 14:42 B C:\Documents and Settings\Geral\Meus documentos\Higor\demo\images\4.gif --> 6te.net /diretorio/enygmatachat/demo/images 4.gif
2006.06.18 14:42 B C:\Documents and Settings\Geral\Meus documentos\Higor\demo\images\5.gif --> 6te.net /diretorio/enygmatachat/demo/images 5.gif
2006.06.18 14:42 B C:\Documents and Settings\Geral\Meus documentos\Higor\demo\images\6.gif --> 6te.net /diretorio/enygmatachat/demo/images 6.gif
2006.06.18 14:42 B C:\Documents and Settings\Geral\Meus documentos\Higor\demo\images\7.gif --> 6te.net /diretorio/enygmatachat/demo/images 7.gif
2006.06.18 14:42 B C:\Documents and Settings\Geral\Meus documentos\Higor\demo\images\8.gif --> 6te.net /diretorio/enygmatachat/demo/images 8.gif
2006.06.18 14:42 B C:\Documents and Settings\Geral\Meus documentos\Higor\demo\images\9.gif --> 6te.net /diretorio/enygmatachat/demo/images 9.gif
2006.06.18 15:29 B C:\Documents and Settings\Geral\Meus documentos\Higor\demo\images\1.gif --> 6te.net /demo/demo/images 1.gif
2006.06.18 15:29 B C:\Documents and Settings\Geral\Meus documentos\Higor\demo\images\10.gif --> 6te.net /demo/demo/images 10.gif
2006.06.18 15:29 B C:\Documents and Settings\Geral\Meus documentos\Higor\demo\images\2.gif --> 6te.net /demo/demo/images 2.gif
2006.06.18 15:29 B C:\Documents and Settings\Geral\Meus documentos\Higor\demo\images\3.gif --> 6te.net /demo/demo/images 3.gif
2006.06.18 15:29 B C:\Documents and Settings\Geral\Meus documentos\Higor\demo\images\4.gif --> 6te.net /demo/demo/images 4.gif
2006.06.18 15:29 B C:\Documents and Settings\Geral\Meus documentos\Higor\demo\images\5.gif --> 6te.net /demo/demo/images 5.gif
2006.06.18 15:29 B C:\Documents and Settings\Geral\Meus documentos\Higor\demo\images\6.gif --> 6te.net /demo/demo/images 6.gif
2006.06.18 15:29 B C:\Documents and Settings\Geral\Meus documentos\Higor\demo\images\7.gif --> 6te.net /demo/demo/images 7.gif
2006.06.18 15:29 B C:\Documents and Settings\Geral\Meus documentos\Higor\demo\images\8.gif --> 6te.net /demo/demo/images 8.gif
2006.06.18 15:29 B C:\Documents and Settings\Geral\Meus documentos\Higor\demo\images\9.gif --> 6te.net /demo/demo/images 9.gif
2006.06.18 15:29 B C:\Documents and Settings\Geral\Meus documentos\Higor\demo\images\WS_FTP.LOG --> 6te.net /demo/demo/images WS_FTP.LOG
2006.06.18 15:49 B C:\Documents and Settings\Geral\Meus documentos\Higor\demo\images\1.gif --> 6te.net /chat/images 1.gif
2006.06.18 15:49 B C:\Documents and Settings\Geral\Meus documentos\Higor\demo\images\10.gif --> 6te.net /chat/images 10.gif
2006.06.18 15:49 B C:\Documents and Settings\Geral\Meus documentos\Higor\demo\images\2.gif --> 6te.net /chat/images 2.gif
2006.06.18 15:49 B C:\Documents and Settings\Geral\Meus documentos\Higor\demo\images\3.gif --> 6te.net /chat/images 3.gif
2006.06.18 15:49 B C:\Documents and Settings\Geral\Meus documentos\Higor\demo\images\4.gif --> 6te.net /chat/images 4.gif
2006.06.18 15:49 B C:\Documents and Settings\Geral\Meus documentos\Higor\demo\images\5.gif --> 6te.net /chat/images 5.gif
2006.06.18 15:49 B C:\Documents and Settings\Geral\Meus documentos\Higor\demo\images\6.gif --> 6te.net /chat/images 6.gif
2006.06.18 15:49 B C:\Documents and Settings\Geral\Meus documentos\Higor\demo\images\7.gif --> 6te.net /chat/images 7.gif
2006.06.18 15:49 B C:\Documents and Settings\Geral\Meus documentos\Higor\demo\images\8.gif --> 6te.net /chat/images 8.gif
2006.06.18 15:49 B C:\Documents and Settings\Geral\Meus documentos\Higor\demo\images\9.gif --> 6te.net /chat/images 9.gif
2006.06.18 15:49 B C:\Documents and Settings\Geral\Meus documentos\Higor\demo\images\WS_FTP.LOG --> 6te.net /chat/images WS_FTP.LOG
