2006.06.18 14:43 B C:\Documents and Settings\Geral\Meus documentos\Higor\demo\texto\banidos.txt --> 6te.net /diretorio/enygmatachat/demo/texto banidos.txt
2006.06.18 14:43 B C:\Documents and Settings\Geral\Meus documentos\Higor\demo\texto\sala1.txt --> 6te.net /diretorio/enygmatachat/demo/texto sala1.txt
2006.06.18 14:43 B C:\Documents and Settings\Geral\Meus documentos\Higor\demo\texto\sala10.txt --> 6te.net /diretorio/enygmatachat/demo/texto sala10.txt
2006.06.18 14:43 B C:\Documents and Settings\Geral\Meus documentos\Higor\demo\texto\sala2.txt --> 6te.net /diretorio/enygmatachat/demo/texto sala2.txt
2006.06.18 14:43 B C:\Documents and Settings\Geral\Meus documentos\Higor\demo\texto\sala3.txt --> 6te.net /diretorio/enygmatachat/demo/texto sala3.txt
2006.06.18 14:43 B C:\Documents and Settings\Geral\Meus documentos\Higor\demo\texto\sala4.txt --> 6te.net /diretorio/enygmatachat/demo/texto sala4.txt
2006.06.18 14:43 B C:\Documents and Settings\Geral\Meus documentos\Higor\demo\texto\sala5.txt --> 6te.net /diretorio/enygmatachat/demo/texto sala5.txt
2006.06.18 14:43 B C:\Documents and Settings\Geral\Meus documentos\Higor\demo\texto\sala6.txt --> 6te.net /diretorio/enygmatachat/demo/texto sala6.txt
2006.06.18 14:43 B C:\Documents and Settings\Geral\Meus documentos\Higor\demo\texto\sala7.txt --> 6te.net /diretorio/enygmatachat/demo/texto sala7.txt
2006.06.18 14:43 B C:\Documents and Settings\Geral\Meus documentos\Higor\demo\texto\sala9.txt --> 6te.net /diretorio/enygmatachat/demo/texto sala9.txt
2006.06.18 14:43 B C:\Documents and Settings\Geral\Meus documentos\Higor\demo\texto\usuarios.txt --> 6te.net /diretorio/enygmatachat/demo/texto usuarios.txt
2006.06.18 15:30 B C:\Documents and Settings\Geral\Meus documentos\Higor\demo\texto\banidos.txt --> 6te.net /demo/demo/texto banidos.txt
2006.06.18 15:30 B C:\Documents and Settings\Geral\Meus documentos\Higor\demo\texto\sala1.txt --> 6te.net /demo/demo/texto sala1.txt
2006.06.18 15:30 B C:\Documents and Settings\Geral\Meus documentos\Higor\demo\texto\sala10.txt --> 6te.net /demo/demo/texto sala10.txt
2006.06.18 15:30 B C:\Documents and Settings\Geral\Meus documentos\Higor\demo\texto\sala2.txt --> 6te.net /demo/demo/texto sala2.txt
2006.06.18 15:30 B C:\Documents and Settings\Geral\Meus documentos\Higor\demo\texto\sala3.txt --> 6te.net /demo/demo/texto sala3.txt
2006.06.18 15:30 B C:\Documents and Settings\Geral\Meus documentos\Higor\demo\texto\sala4.txt --> 6te.net /demo/demo/texto sala4.txt
2006.06.18 15:30 B C:\Documents and Settings\Geral\Meus documentos\Higor\demo\texto\sala5.txt --> 6te.net /demo/demo/texto sala5.txt
2006.06.18 15:30 B C:\Documents and Settings\Geral\Meus documentos\Higor\demo\texto\sala6.txt --> 6te.net /demo/demo/texto sala6.txt
2006.06.18 15:30 B C:\Documents and Settings\Geral\Meus documentos\Higor\demo\texto\sala7.txt --> 6te.net /demo/demo/texto sala7.txt
2006.06.18 15:31 B C:\Documents and Settings\Geral\Meus documentos\Higor\demo\texto\sala9.txt --> 6te.net /demo/demo/texto sala9.txt
2006.06.18 15:31 B C:\Documents and Settings\Geral\Meus documentos\Higor\demo\texto\usuarios.txt --> 6te.net /demo/demo/texto usuarios.txt
2006.06.18 15:31 B C:\Documents and Settings\Geral\Meus documentos\Higor\demo\texto\WS_FTP.LOG --> 6te.net /demo/demo/texto WS_FTP.LOG
2006.06.18 15:50 B C:\Documents and Settings\Geral\Meus documentos\Higor\demo\texto\banidos.txt --> 6te.net /chat/texto banidos.txt
2006.06.18 15:50 B C:\Documents and Settings\Geral\Meus documentos\Higor\demo\texto\sala1.txt --> 6te.net /chat/texto sala1.txt
2006.06.18 15:50 B C:\Documents and Settings\Geral\Meus documentos\Higor\demo\texto\sala10.txt --> 6te.net /chat/texto sala10.txt
2006.06.18 15:50 B C:\Documents and Settings\Geral\Meus documentos\Higor\demo\texto\sala2.txt --> 6te.net /chat/texto sala2.txt
2006.06.18 15:50 B C:\Documents and Settings\Geral\Meus documentos\Higor\demo\texto\sala3.txt --> 6te.net /chat/texto sala3.txt
2006.06.18 15:50 B C:\Documents and Settings\Geral\Meus documentos\Higor\demo\texto\sala4.txt --> 6te.net /chat/texto sala4.txt
2006.06.18 15:50 B C:\Documents and Settings\Geral\Meus documentos\Higor\demo\texto\sala5.txt --> 6te.net /chat/texto sala5.txt
2006.06.18 15:51 B C:\Documents and Settings\Geral\Meus documentos\Higor\demo\texto\sala6.txt --> 6te.net /chat/texto sala6.txt
2006.06.18 15:51 B C:\Documents and Settings\Geral\Meus documentos\Higor\demo\texto\sala7.txt --> 6te.net /chat/texto sala7.txt
2006.06.18 15:51 B C:\Documents and Settings\Geral\Meus documentos\Higor\demo\texto\sala9.txt --> 6te.net /chat/texto sala9.txt
2006.06.18 15:51 B C:\Documents and Settings\Geral\Meus documentos\Higor\demo\texto\usuarios.txt --> 6te.net /chat/texto usuarios.txt
2006.06.18 15:51 B C:\Documents and Settings\Geral\Meus documentos\Higor\demo\texto\WS_FTP.LOG --> 6te.net /chat/texto WS_FTP.LOG
